[
  {
    "line": 1,
    "elements": [
      {
        "start_timestamp": "2022-02-19T13:25:36.278Z",
        "before": [
          {
            "result": {
              "duration": 7765000000,
              "status": "passed"
            },
            "match": {
              "location": "Steps.BeforeActions.setUp()"
            }
          }
        ],
        "line": 18,
        "name": "View request - View OR details",
        "description": "",
        "id": "pm-6668-view-request---view-or-details;view-request---view-or-details;;2",
        "type": "scenario",
        "keyword": "Scenario Outline",
        "steps": [
          {
            "result": {
              "error_message": "org.openqa.selenium.WebDriverException: unknown error: cannot determine loading status\nfrom disconnected: received Inspector.detached event\n  (Session info: chrome\u003d98.0.4758.102)\nBuild info: version: \u00274.1.0\u0027, revision: \u002787802e897b\u0027\nSystem info: host: \u0027DL32XF2\u0027, ip: \u0027172.16.22.129\u0027, os.name: \u0027Windows 10\u0027, os.arch: \u0027amd64\u0027, os.version: \u002710.0\u0027, java.version: \u00271.8.0_131\u0027\nDriver info: org.openqa.selenium.chrome.ChromeDriver\nCommand: [384ce9eb990b196995578d49792f9f77, get {url\u003dhttps://pm.baswareqa.com/qapd/cfms/security/login.cfm}]\nCapabilities {acceptInsecureCerts: false, browserName: chrome, browserVersion: 98.0.4758.102, chrome: {chromedriverVersion: 98.0.4758.102 (273bf7ac8c90..., userDataDir: C:\\Users\\HARBAN~2\\AppData\\L...}, goog:chromeOptions: {debuggerAddress: localhost:5409}, javascriptEnabled: true, networkConnectionEnabled: false, pageLoadStrategy: normal, platform: WINDOWS, platformName: WINDOWS, proxy: Proxy(), se:cdp: ws://localhost:5409/devtool..., se:cdpVersion: 98.0.4758.102, setWindowRect: true, strictFileInteractability: false, timeouts: {implicit: 0, pageLoad: 300000, script: 30000}, unhandledPromptBehavior: dismiss and notify, webauthn:extension:credBlob: true, webauthn:extension:largeBlob: true, webauthn:virtualAuthenticators: true}\nSession ID: 384ce9eb990b196995578d49792f9f77\r\n\tat sun.reflect.NativeConstructorAccessorImpl.newInstance0(Native Method)\r\n\tat sun.reflect.NativeConstructorAccessorImpl.newInstance(NativeConstructorAccessorImpl.java:62)\r\n\tat sun.reflect.DelegatingConstructorAccessorImpl.newInstance(DelegatingConstructorAccessorImpl.java:45)\r\n\tat java.lang.reflect.Constructor.newInstance(Constructor.java:423)\r\n\tat org.openqa.selenium.remote.codec.w3c.W3CHttpResponseCodec.createException(W3CHttpResponseCodec.java:200)\r\n\tat org.openqa.selenium.remote.codec.w3c.W3CHttpResponseCodec.decode(W3CHttpResponseCodec.java:133)\r\n\tat org.openqa.selenium.remote.codec.w3c.W3CHttpResponseCodec.decode(W3CHttpResponseCodec.java:53)\r\n\tat org.openqa.selenium.remote.HttpCommandExecutor.execute(HttpCommandExecutor.java:184)\r\n\tat org.openqa.selenium.remote.service.DriverCommandExecutor.invokeExecute(DriverCommandExecutor.java:164)\r\n\tat org.openqa.selenium.remote.service.DriverCommandExecutor.execute(DriverCommandExecutor.java:139)\r\n\tat org.openqa.selenium.remote.RemoteWebDriver.execute(RemoteWebDriver.java:559)\r\n\tat org.openqa.selenium.remote.RemoteWebDriver.get(RemoteWebDriver.java:328)\r\n\tat utils.SeleniumDriver.openPage(SeleniumDriver.java:27)\r\n\tat Steps.Generate_Order_Request_GuleFile.launch_browser_for(Generate_Order_Request_GuleFile.java:38)\r\n\tat ✽.Launch browser for \"https://pm.baswareqa.com/qapd/cfms/security/login.cfm\"(file:///C:/Users/harbanslal/workspace/BaswareBDD/src/test/resources/features/Generate_Order_Request_FeatureFile.feature:4)\r\n",
              "duration": 930000000,
              "status": "failed"
            },
            "line": 4,
            "name": "Launch browser for \"https://pm.baswareqa.com/qapd/cfms/security/login.cfm\"",
            "match": {
              "arguments": [
                {
                  "val": "\"https://pm.baswareqa.com/qapd/cfms/security/login.cfm\"",
                  "offset": 19
                }
              ],
              "location": "Steps.Generate_Order_Request_GuleFile.launch_browser_for(java.lang.String)"
            },
            "after": [
              {
                "result": {
                  "error_message": "org.openqa.selenium.WebDriverException: chrome not reachable\n  (Session info: chrome\u003d98.0.4758.102)\nBuild info: version: \u00274.1.0\u0027, revision: \u002787802e897b\u0027\nSystem info: host: \u0027DL32XF2\u0027, ip: \u0027172.16.22.129\u0027, os.name: \u0027Windows 10\u0027, os.arch: \u0027amd64\u0027, os.version: \u002710.0\u0027, java.version: \u00271.8.0_131\u0027\nDriver info: org.openqa.selenium.chrome.ChromeDriver\nCommand: [384ce9eb990b196995578d49792f9f77, screenshot {}]\nCapabilities {acceptInsecureCerts: false, browserName: chrome, browserVersion: 98.0.4758.102, chrome: {chromedriverVersion: 98.0.4758.102 (273bf7ac8c90..., userDataDir: C:\\Users\\HARBAN~2\\AppData\\L...}, goog:chromeOptions: {debuggerAddress: localhost:5409}, javascriptEnabled: true, networkConnectionEnabled: false, pageLoadStrategy: normal, platform: WINDOWS, platformName: WINDOWS, proxy: Proxy(), se:cdp: ws://localhost:5409/devtool..., se:cdpVersion: 98.0.4758.102, setWindowRect: true, strictFileInteractability: false, timeouts: {implicit: 0, pageLoad: 300000, script: 30000}, unhandledPromptBehavior: dismiss and notify, webauthn:extension:credBlob: true, webauthn:extension:largeBlob: true, webauthn:virtualAuthenticators: true}\nSession ID: 384ce9eb990b196995578d49792f9f77\r\n\tat sun.reflect.NativeConstructorAccessorImpl.newInstance0(Native Method)\r\n\tat sun.reflect.NativeConstructorAccessorImpl.newInstance(NativeConstructorAccessorImpl.java:62)\r\n\tat sun.reflect.DelegatingConstructorAccessorImpl.newInstance(DelegatingConstructorAccessorImpl.java:45)\r\n\tat java.lang.reflect.Constructor.newInstance(Constructor.java:423)\r\n\tat org.openqa.selenium.remote.codec.w3c.W3CHttpResponseCodec.createException(W3CHttpResponseCodec.java:200)\r\n\tat org.openqa.selenium.remote.codec.w3c.W3CHttpResponseCodec.decode(W3CHttpResponseCodec.java:133)\r\n\tat org.openqa.selenium.remote.codec.w3c.W3CHttpResponseCodec.decode(W3CHttpResponseCodec.java:53)\r\n\tat org.openqa.selenium.remote.HttpCommandExecutor.execute(HttpCommandExecutor.java:184)\r\n\tat org.openqa.selenium.remote.service.DriverCommandExecutor.invokeExecute(DriverCommandExecutor.java:164)\r\n\tat org.openqa.selenium.remote.service.DriverCommandExecutor.execute(DriverCommandExecutor.java:139)\r\n\tat org.openqa.selenium.remote.RemoteWebDriver.execute(RemoteWebDriver.java:559)\r\n\tat org.openqa.selenium.remote.RemoteWebDriver.execute(RemoteWebDriver.java:614)\r\n\tat org.openqa.selenium.remote.RemoteWebDriver.execute(RemoteWebDriver.java:618)\r\n\tat org.openqa.selenium.remote.RemoteWebDriver.getScreenshotAs(RemoteWebDriver.java:349)\r\n\tat Steps.AfterActions.addScreenshot(AfterActions.java:32)\r\n",
                  "duration": 12230000000,
                  "status": "failed"
                },
                "match": {
                  "location": "Steps.AfterActions.addScreenshot(io.cucumber.java.Scenario)"
                }
              }
            ],
            "keyword": "Given "
          },
          {
            "result": {
              "duration": 1000000,
              "status": "skipped"
            },
            "line": 5,
            "name": "Login with T3043admin and 1h@ppyseal",
            "match": {
              "arguments": [
                {
                  "val": "T3043admin",
                  "offset": 11
                },
                {
                  "val": "1h@ppyseal",
                  "offset": 26
                }
              ],
              "location": "Steps.Generate_Order_Request_GuleFile.login_with_and(java.lang.String,java.lang.String)"
            },
            "after": [
              {
                "result": {
                  "status": "skipped"
                },
                "match": {
                  "location": "Steps.AfterActions.addScreenshot(io.cucumber.java.Scenario)"
                }
              }
            ],
            "keyword": "When "
          },
          {
            "result": {
              "duration": 1000000,
              "status": "skipped"
            },
            "line": 11,
            "name": "Click on AP Automation Approval",
            "match": {
              "location": "Steps.Generate_Order_Request_GuleFile.click_on_ap_automation_approval()"
            },
            "after": [
              {
                "result": {
                  "duration": 1000000,
                  "status": "skipped"
                },
                "match": {
                  "location": "Steps.AfterActions.addScreenshot(io.cucumber.java.Scenario)"
                }
              }
            ],
            "keyword": "Then "
          },
          {
            "result": {
              "duration": 1000000,
              "status": "skipped"
            },
            "line": 13,
            "name": "Create Invoice",
            "match": {
              "location": "Steps.Generate_Order_Request_GuleFile.create_invoice()"
            },
            "after": [
              {
                "result": {
                  "duration": 1000000,
                  "status": "skipped"
                },
                "match": {
                  "location": "Steps.AfterActions.addScreenshot(io.cucumber.java.Scenario)"
                }
              }
            ],
            "keyword": "Then "
          }
        ]
      }
    ],
    "name": "PM-6668 View request - View OR details",
    "description": "",
    "id": "pm-6668-view-request---view-or-details",
    "keyword": "Feature",
    "uri": "file:src/test/resources/features/Generate_Order_Request_FeatureFile.feature",
    "tags": []
  },
  {
    "line": 1,
    "elements": [
      {
        "start_timestamp": "2022-02-19T13:25:57.362Z",
        "before": [
          {
            "result": {
              "duration": 1000000,
              "status": "passed"
            },
            "match": {
              "location": "Steps.BeforeActions.setUp()"
            }
          }
        ],
        "line": 16,
        "name": "Create blanket PO request from a single Off catalog item",
        "description": "",
        "id": "create-blanket-po-request-from-a-single-off-catalog-item;create-blanket-po-request-from-a-single-off-catalog-item;;2",
        "type": "scenario",
        "keyword": "Scenario Outline",
        "steps": [
          {
            "result": {
              "error_message": "org.openqa.selenium.WebDriverException: chrome not reachable\n  (Session info: chrome\u003d98.0.4758.102)\nBuild info: version: \u00274.1.0\u0027, revision: \u002787802e897b\u0027\nSystem info: host: \u0027DL32XF2\u0027, ip: \u0027172.16.22.129\u0027, os.name: \u0027Windows 10\u0027, os.arch: \u0027amd64\u0027, os.version: \u002710.0\u0027, java.version: \u00271.8.0_131\u0027\nDriver info: org.openqa.selenium.chrome.ChromeDriver\nCommand: [384ce9eb990b196995578d49792f9f77, get {url\u003dhttps://pm.baswareqa.com/qapd/cfms/security/login.cfm}]\nCapabilities {acceptInsecureCerts: false, browserName: chrome, browserVersion: 98.0.4758.102, chrome: {chromedriverVersion: 98.0.4758.102 (273bf7ac8c90..., userDataDir: C:\\Users\\HARBAN~2\\AppData\\L...}, goog:chromeOptions: {debuggerAddress: localhost:5409}, javascriptEnabled: true, networkConnectionEnabled: false, pageLoadStrategy: normal, platform: WINDOWS, platformName: WINDOWS, proxy: Proxy(), se:cdp: ws://localhost:5409/devtool..., se:cdpVersion: 98.0.4758.102, setWindowRect: true, strictFileInteractability: false, timeouts: {implicit: 0, pageLoad: 300000, script: 30000}, unhandledPromptBehavior: dismiss and notify, webauthn:extension:credBlob: true, webauthn:extension:largeBlob: true, webauthn:virtualAuthenticators: true}\nSession ID: 384ce9eb990b196995578d49792f9f77\r\n\tat sun.reflect.NativeConstructorAccessorImpl.newInstance0(Native Method)\r\n\tat sun.reflect.NativeConstructorAccessorImpl.newInstance(NativeConstructorAccessorImpl.java:62)\r\n\tat sun.reflect.DelegatingConstructorAccessorImpl.newInstance(DelegatingConstructorAccessorImpl.java:45)\r\n\tat java.lang.reflect.Constructor.newInstance(Constructor.java:423)\r\n\tat org.openqa.selenium.remote.codec.w3c.W3CHttpResponseCodec.createException(W3CHttpResponseCodec.java:200)\r\n\tat org.openqa.selenium.remote.codec.w3c.W3CHttpResponseCodec.decode(W3CHttpResponseCodec.java:133)\r\n\tat org.openqa.selenium.remote.codec.w3c.W3CHttpResponseCodec.decode(W3CHttpResponseCodec.java:53)\r\n\tat org.openqa.selenium.remote.HttpCommandExecutor.execute(HttpCommandExecutor.java:184)\r\n\tat org.openqa.selenium.remote.service.DriverCommandExecutor.invokeExecute(DriverCommandExecutor.java:164)\r\n\tat org.openqa.selenium.remote.service.DriverCommandExecutor.execute(DriverCommandExecutor.java:139)\r\n\tat org.openqa.selenium.remote.RemoteWebDriver.execute(RemoteWebDriver.java:559)\r\n\tat org.openqa.selenium.remote.RemoteWebDriver.get(RemoteWebDriver.java:328)\r\n\tat utils.SeleniumDriver.openPage(SeleniumDriver.java:27)\r\n\tat Steps.Generate_Order_Request_GuleFile.launch_browser_for(Generate_Order_Request_GuleFile.java:38)\r\n\tat ✽.Launch browser for \"https://pm.baswareqa.com/qapd/cfms/security/login.cfm\"(file:///C:/Users/harbanslal/workspace/BaswareBDD/src/test/resources/features/PM_6473_Generate_BPO_FeatureFile.feature:6)\r\n",
              "duration": 12198000000,
              "status": "failed"
            },
            "line": 6,
            "name": "Launch browser for \"https://pm.baswareqa.com/qapd/cfms/security/login.cfm\"",
            "match": {
              "arguments": [
                {
                  "val": "\"https://pm.baswareqa.com/qapd/cfms/security/login.cfm\"",
                  "offset": 19
                }
              ],
              "location": "Steps.Generate_Order_Request_GuleFile.launch_browser_for(java.lang.String)"
            },
            "after": [
              {
                "result": {
                  "error_message": "org.openqa.selenium.WebDriverException: chrome not reachable\n  (Session info: chrome\u003d98.0.4758.102)\nBuild info: version: \u00274.1.0\u0027, revision: \u002787802e897b\u0027\nSystem info: host: \u0027DL32XF2\u0027, ip: \u0027172.16.22.129\u0027, os.name: \u0027Windows 10\u0027, os.arch: \u0027amd64\u0027, os.version: \u002710.0\u0027, java.version: \u00271.8.0_131\u0027\nDriver info: org.openqa.selenium.chrome.ChromeDriver\nCommand: [384ce9eb990b196995578d49792f9f77, screenshot {}]\nCapabilities {acceptInsecureCerts: false, browserName: chrome, browserVersion: 98.0.4758.102, chrome: {chromedriverVersion: 98.0.4758.102 (273bf7ac8c90..., userDataDir: C:\\Users\\HARBAN~2\\AppData\\L...}, goog:chromeOptions: {debuggerAddress: localhost:5409}, javascriptEnabled: true, networkConnectionEnabled: false, pageLoadStrategy: normal, platform: WINDOWS, platformName: WINDOWS, proxy: Proxy(), se:cdp: ws://localhost:5409/devtool..., se:cdpVersion: 98.0.4758.102, setWindowRect: true, strictFileInteractability: false, timeouts: {implicit: 0, pageLoad: 300000, script: 30000}, unhandledPromptBehavior: dismiss and notify, webauthn:extension:credBlob: true, webauthn:extension:largeBlob: true, webauthn:virtualAuthenticators: true}\nSession ID: 384ce9eb990b196995578d49792f9f77\r\n\tat sun.reflect.NativeConstructorAccessorImpl.newInstance0(Native Method)\r\n\tat sun.reflect.NativeConstructorAccessorImpl.newInstance(NativeConstructorAccessorImpl.java:62)\r\n\tat sun.reflect.DelegatingConstructorAccessorImpl.newInstance(DelegatingConstructorAccessorImpl.java:45)\r\n\tat java.lang.reflect.Constructor.newInstance(Constructor.java:423)\r\n\tat org.openqa.selenium.remote.codec.w3c.W3CHttpResponseCodec.createException(W3CHttpResponseCodec.java:200)\r\n\tat org.openqa.selenium.remote.codec.w3c.W3CHttpResponseCodec.decode(W3CHttpResponseCodec.java:133)\r\n\tat org.openqa.selenium.remote.codec.w3c.W3CHttpResponseCodec.decode(W3CHttpResponseCodec.java:53)\r\n\tat org.openqa.selenium.remote.HttpCommandExecutor.execute(HttpCommandExecutor.java:184)\r\n\tat org.openqa.selenium.remote.service.DriverCommandExecutor.invokeExecute(DriverCommandExecutor.java:164)\r\n\tat org.openqa.selenium.remote.service.DriverCommandExecutor.execute(DriverCommandExecutor.java:139)\r\n\tat org.openqa.selenium.remote.RemoteWebDriver.execute(RemoteWebDriver.java:559)\r\n\tat org.openqa.selenium.remote.RemoteWebDriver.execute(RemoteWebDriver.java:614)\r\n\tat org.openqa.selenium.remote.RemoteWebDriver.execute(RemoteWebDriver.java:618)\r\n\tat org.openqa.selenium.remote.RemoteWebDriver.getScreenshotAs(RemoteWebDriver.java:349)\r\n\tat Steps.AfterActions.addScreenshot(AfterActions.java:32)\r\n",
                  "duration": 12160000000,
                  "status": "failed"
                },
                "match": {
                  "location": "Steps.AfterActions.addScreenshot(io.cucumber.java.Scenario)"
                }
              }
            ],
            "keyword": "Given "
          },
          {
            "result": {
              "status": "skipped"
            },
            "line": 7,
            "name": "Login with T3043admin and 1h@ppyseal",
            "match": {
              "arguments": [
                {
                  "val": "T3043admin",
                  "offset": 11
                },
                {
                  "val": "1h@ppyseal",
                  "offset": 26
                }
              ],
              "location": "Steps.Generate_Order_Request_GuleFile.login_with_and(java.lang.String,java.lang.String)"
            },
            "after": [
              {
                "result": {
                  "status": "skipped"
                },
                "match": {
                  "location": "Steps.AfterActions.addScreenshot(io.cucumber.java.Scenario)"
                }
              }
            ],
            "keyword": "When "
          },
          {
            "result": {
              "duration": 1000000,
              "status": "skipped"
            },
            "line": 8,
            "name": "Select Requisitions - Off Catalog Request menu option1",
            "match": {
              "location": "Steps.PM_6473_Generate_BPO_GlueFile.select_requisitions_off_catalog_request_menu_option()"
            },
            "after": [
              {
                "result": {
                  "duration": 1000000,
                  "status": "skipped"
                },
                "match": {
                  "location": "Steps.AfterActions.addScreenshot(io.cucumber.java.Scenario)"
                }
              }
            ],
            "keyword": "Then "
          },
          {
            "result": {
              "duration": 1000000,
              "status": "skipped"
            },
            "line": 9,
            "name": "Configure Off Catalog Request with name Hotel Glo desc Samsung mobile cat 123Hallway Qty 1 UnitPrice 100",
            "match": {
              "arguments": [
                {
                  "val": "Hotel Glo",
                  "offset": 40
                },
                {
                  "val": "Samsung mobile",
                  "offset": 55
                },
                {
                  "val": "123Hallway",
                  "offset": 74
                },
                {
                  "val": "1",
                  "offset": 89
                },
                {
                  "val": "100",
                  "offset": 101
                }
              ],
              "location": "Steps.PM_6473_Generate_BPO_GlueFile.configure_off_catalog_request_with_name_st_apn_apple_desc_apple_mobile_cat_mobile(java.lang.String,java.lang.String,java.lang.String,java.lang.String,java.lang.String)"
            },
            "after": [
              {
                "result": {
                  "duration": 1000000,
                  "status": "skipped"
                },
                "match": {
                  "location": "Steps.AfterActions.addScreenshot(io.cucumber.java.Scenario)"
                }
              }
            ],
            "keyword": "And "
          },
          {
            "result": {
              "status": "skipped"
            },
            "line": 10,
            "name": "Validate that Order request is created successfully",
            "match": {
              "location": "Steps.PM_6473_Generate_BPO_GlueFile.and_validate_that_order_request_is_created_successfully()"
            },
            "after": [
              {
                "result": {
                  "status": "skipped"
                },
                "match": {
                  "location": "Steps.AfterActions.addScreenshot(io.cucumber.java.Scenario)"
                }
              }
            ],
            "keyword": "And "
          },
          {
            "result": {
              "status": "skipped"
            },
            "line": 11,
            "name": "Close the testcase",
            "match": {
              "location": "Steps.Generate_Order_Request_GuleFile.close_the_testcase()"
            },
            "after": [
              {
                "result": {
                  "duration": 1000000,
                  "status": "skipped"
                },
                "match": {
                  "location": "Steps.AfterActions.addScreenshot(io.cucumber.java.Scenario)"
                }
              }
            ],
            "keyword": "And "
          }
        ]
      }
    ],
    "name": "Create blanket PO request from a single Off catalog item",
    "description": "",
    "id": "create-blanket-po-request-from-a-single-off-catalog-item",
    "keyword": "Feature",
    "uri": "file:src/test/resources/features/PM_6473_Generate_BPO_FeatureFile.feature",
    "tags": []
  },
  {
    "line": 1,
    "elements": [
      {
        "start_timestamp": "2022-02-19T13:26:21.756Z",
        "before": [
          {
            "result": {
              "status": "passed"
            },
            "match": {
              "location": "Steps.BeforeActions.setUp()"
            }
          }
        ],
        "line": 19,
        "name": "Verify autoreceiving is working fine during Alusta invoicing",
        "description": "",
        "id": "verify-autoreceiving-is-working-fine-during-alusta-invoicing;verify-autoreceiving-is-working-fine-during-alusta-invoicing;;2",
        "type": "scenario",
        "keyword": "Scenario Outline",
        "steps": [
          {
            "result": {
              "error_message": "org.openqa.selenium.WebDriverException: chrome not reachable\n  (Session info: chrome\u003d98.0.4758.102)\nBuild info: version: \u00274.1.0\u0027, revision: \u002787802e897b\u0027\nSystem info: host: \u0027DL32XF2\u0027, ip: \u0027172.16.22.129\u0027, os.name: \u0027Windows 10\u0027, os.arch: \u0027amd64\u0027, os.version: \u002710.0\u0027, java.version: \u00271.8.0_131\u0027\nDriver info: org.openqa.selenium.chrome.ChromeDriver\nCommand: [384ce9eb990b196995578d49792f9f77, get {url\u003dhttps://pm.baswareqa.com/qapd/cfms/security/login.cfm}]\nCapabilities {acceptInsecureCerts: false, browserName: chrome, browserVersion: 98.0.4758.102, chrome: {chromedriverVersion: 98.0.4758.102 (273bf7ac8c90..., userDataDir: C:\\Users\\HARBAN~2\\AppData\\L...}, goog:chromeOptions: {debuggerAddress: localhost:5409}, javascriptEnabled: true, networkConnectionEnabled: false, pageLoadStrategy: normal, platform: WINDOWS, platformName: WINDOWS, proxy: Proxy(), se:cdp: ws://localhost:5409/devtool..., se:cdpVersion: 98.0.4758.102, setWindowRect: true, strictFileInteractability: false, timeouts: {implicit: 0, pageLoad: 300000, script: 30000}, unhandledPromptBehavior: dismiss and notify, webauthn:extension:credBlob: true, webauthn:extension:largeBlob: true, webauthn:virtualAuthenticators: true}\nSession ID: 384ce9eb990b196995578d49792f9f77\r\n\tat sun.reflect.NativeConstructorAccessorImpl.newInstance0(Native Method)\r\n\tat sun.reflect.NativeConstructorAccessorImpl.newInstance(NativeConstructorAccessorImpl.java:62)\r\n\tat sun.reflect.DelegatingConstructorAccessorImpl.newInstance(DelegatingConstructorAccessorImpl.java:45)\r\n\tat java.lang.reflect.Constructor.newInstance(Constructor.java:423)\r\n\tat org.openqa.selenium.remote.codec.w3c.W3CHttpResponseCodec.createException(W3CHttpResponseCodec.java:200)\r\n\tat org.openqa.selenium.remote.codec.w3c.W3CHttpResponseCodec.decode(W3CHttpResponseCodec.java:133)\r\n\tat org.openqa.selenium.remote.codec.w3c.W3CHttpResponseCodec.decode(W3CHttpResponseCodec.java:53)\r\n\tat org.openqa.selenium.remote.HttpCommandExecutor.execute(HttpCommandExecutor.java:184)\r\n\tat org.openqa.selenium.remote.service.DriverCommandExecutor.invokeExecute(DriverCommandExecutor.java:164)\r\n\tat org.openqa.selenium.remote.service.DriverCommandExecutor.execute(DriverCommandExecutor.java:139)\r\n\tat org.openqa.selenium.remote.RemoteWebDriver.execute(RemoteWebDriver.java:559)\r\n\tat org.openqa.selenium.remote.RemoteWebDriver.get(RemoteWebDriver.java:328)\r\n\tat utils.SeleniumDriver.openPage(SeleniumDriver.java:27)\r\n\tat Steps.Generate_Order_Request_GuleFile.launch_browser_for(Generate_Order_Request_GuleFile.java:38)\r\n\tat ✽.Launch browser for \"https://pm.baswareqa.com/qapd/cfms/security/login.cfm\"(file:///C:/Users/harbanslal/workspace/BaswareBDD/src/test/resources/features/PM_6474_AutoReceiving_Generate_Purchase_Order.feature:4)\r\n",
              "duration": 12204000000,
              "status": "failed"
            },
            "line": 4,
            "name": "Launch browser for \"https://pm.baswareqa.com/qapd/cfms/security/login.cfm\"",
            "match": {
              "arguments": [
                {
                  "val": "\"https://pm.baswareqa.com/qapd/cfms/security/login.cfm\"",
                  "offset": 19
                }
              ],
              "location": "Steps.Generate_Order_Request_GuleFile.launch_browser_for(java.lang.String)"
            },
            "after": [
              {
                "result": {
                  "error_message": "org.openqa.selenium.WebDriverException: chrome not reachable\n  (Session info: chrome\u003d98.0.4758.102)\nBuild info: version: \u00274.1.0\u0027, revision: \u002787802e897b\u0027\nSystem info: host: \u0027DL32XF2\u0027, ip: \u0027172.16.22.129\u0027, os.name: \u0027Windows 10\u0027, os.arch: \u0027amd64\u0027, os.version: \u002710.0\u0027, java.version: \u00271.8.0_131\u0027\nDriver info: org.openqa.selenium.chrome.ChromeDriver\nCommand: [384ce9eb990b196995578d49792f9f77, screenshot {}]\nCapabilities {acceptInsecureCerts: false, browserName: chrome, browserVersion: 98.0.4758.102, chrome: {chromedriverVersion: 98.0.4758.102 (273bf7ac8c90..., userDataDir: C:\\Users\\HARBAN~2\\AppData\\L...}, goog:chromeOptions: {debuggerAddress: localhost:5409}, javascriptEnabled: true, networkConnectionEnabled: false, pageLoadStrategy: normal, platform: WINDOWS, platformName: WINDOWS, proxy: Proxy(), se:cdp: ws://localhost:5409/devtool..., se:cdpVersion: 98.0.4758.102, setWindowRect: true, strictFileInteractability: false, timeouts: {implicit: 0, pageLoad: 300000, script: 30000}, unhandledPromptBehavior: dismiss and notify, webauthn:extension:credBlob: true, webauthn:extension:largeBlob: true, webauthn:virtualAuthenticators: true}\nSession ID: 384ce9eb990b196995578d49792f9f77\r\n\tat sun.reflect.NativeConstructorAccessorImpl.newInstance0(Native Method)\r\n\tat sun.reflect.NativeConstructorAccessorImpl.newInstance(NativeConstructorAccessorImpl.java:62)\r\n\tat sun.reflect.DelegatingConstructorAccessorImpl.newInstance(DelegatingConstructorAccessorImpl.java:45)\r\n\tat java.lang.reflect.Constructor.newInstance(Constructor.java:423)\r\n\tat org.openqa.selenium.remote.codec.w3c.W3CHttpResponseCodec.createException(W3CHttpResponseCodec.java:200)\r\n\tat org.openqa.selenium.remote.codec.w3c.W3CHttpResponseCodec.decode(W3CHttpResponseCodec.java:133)\r\n\tat org.openqa.selenium.remote.codec.w3c.W3CHttpResponseCodec.decode(W3CHttpResponseCodec.java:53)\r\n\tat org.openqa.selenium.remote.HttpCommandExecutor.execute(HttpCommandExecutor.java:184)\r\n\tat org.openqa.selenium.remote.service.DriverCommandExecutor.invokeExecute(DriverCommandExecutor.java:164)\r\n\tat org.openqa.selenium.remote.service.DriverCommandExecutor.execute(DriverCommandExecutor.java:139)\r\n\tat org.openqa.selenium.remote.RemoteWebDriver.execute(RemoteWebDriver.java:559)\r\n\tat org.openqa.selenium.remote.RemoteWebDriver.execute(RemoteWebDriver.java:614)\r\n\tat org.openqa.selenium.remote.RemoteWebDriver.execute(RemoteWebDriver.java:618)\r\n\tat org.openqa.selenium.remote.RemoteWebDriver.getScreenshotAs(RemoteWebDriver.java:349)\r\n\tat Steps.AfterActions.addScreenshot(AfterActions.java:32)\r\n",
                  "duration": 12181000000,
                  "status": "failed"
                },
                "match": {
                  "location": "Steps.AfterActions.addScreenshot(io.cucumber.java.Scenario)"
                }
              }
            ],
            "keyword": "Given "
          },
          {
            "result": {
              "duration": 1000000,
              "status": "skipped"
            },
            "line": 5,
            "name": "Login with t3043admin and 1h@ppyseal",
            "match": {
              "arguments": [
                {
                  "val": "t3043admin",
                  "offset": 11
                },
                {
                  "val": "1h@ppyseal",
                  "offset": 26
                }
              ],
              "location": "Steps.Generate_Order_Request_GuleFile.login_with_and(java.lang.String,java.lang.String)"
            },
            "after": [
              {
                "result": {
                  "status": "skipped"
                },
                "match": {
                  "location": "Steps.AfterActions.addScreenshot(io.cucumber.java.Scenario)"
                }
              }
            ],
            "keyword": "When "
          },
          {
            "result": {
              "status": "skipped"
            },
            "line": 6,
            "name": "Click on SearchCatalog button",
            "match": {
              "location": "Steps.Generate_Order_Request_GuleFile.click_on_search_catalog_button()"
            },
            "after": [
              {
                "result": {
                  "status": "skipped"
                },
                "match": {
                  "location": "Steps.AfterActions.addScreenshot(io.cucumber.java.Scenario)"
                }
              }
            ],
            "keyword": "Then "
          },
          {
            "result": {
              "status": "skipped"
            },
            "line": 7,
            "name": "Click on SearchIcon",
            "match": {
              "location": "Steps.Generate_Order_Request_GuleFile.click_on_search_icon_button()"
            },
            "after": [
              {
                "result": {
                  "duration": 1000000,
                  "status": "skipped"
                },
                "match": {
                  "location": "Steps.AfterActions.addScreenshot(io.cucumber.java.Scenario)"
                }
              }
            ],
            "keyword": "Then "
          },
          {
            "result": {
              "status": "skipped"
            },
            "line": 8,
            "name": "Click on Add to Cart button with Item",
            "match": {
              "location": "Steps.PM_6474_AutoReceiving_Generate_Purchase_Order_GlueFile.click_on_add_to_cart_button_with_item(java.util.List\u003cjava.lang.String\u003e)"
            },
            "after": [
              {
                "result": {
                  "status": "skipped"
                },
                "match": {
                  "location": "Steps.AfterActions.addScreenshot(io.cucumber.java.Scenario)"
                }
              }
            ],
            "rows": [
              {
                "cells": [
                  "Item_Name"
                ]
              },
              {
                "cells": [
                  "Item 3 wtih Category Hardware No"
                ]
              },
              {
                "cells": [
                  "Item2 with Category Office Supplies Yes"
                ]
              },
              {
                "cells": [
                  "Item1 with Category Office Supplies Yes"
                ]
              }
            ],
            "keyword": "Then "
          },
          {
            "result": {
              "status": "skipped"
            },
            "line": 13,
            "name": "Click on Shopping Cart button",
            "match": {
              "location": "Steps.Generate_Order_Request_GuleFile.click_on_shopping_cart_button()"
            },
            "after": [
              {
                "result": {
                  "status": "skipped"
                },
                "match": {
                  "location": "Steps.AfterActions.addScreenshot(io.cucumber.java.Scenario)"
                }
              }
            ],
            "keyword": "Then "
          },
          {
            "result": {
              "status": "skipped"
            },
            "line": 14,
            "name": "Click on Finish Request button",
            "match": {
              "location": "Steps.Generate_Order_Request_GuleFile.click_on_finish_request_button()"
            },
            "after": [
              {
                "result": {
                  "status": "skipped"
                },
                "match": {
                  "location": "Steps.AfterActions.addScreenshot(io.cucumber.java.Scenario)"
                }
              }
            ],
            "keyword": "Then "
          },
          {
            "result": {
              "status": "skipped"
            },
            "line": 15,
            "name": "Close the testcase",
            "match": {
              "location": "Steps.Generate_Order_Request_GuleFile.close_the_testcase()"
            },
            "after": [
              {
                "result": {
                  "status": "skipped"
                },
                "match": {
                  "location": "Steps.AfterActions.addScreenshot(io.cucumber.java.Scenario)"
                }
              }
            ],
            "keyword": "And "
          }
        ]
      }
    ],
    "name": "Verify autoreceiving is working fine during Alusta invoicing",
    "description": "",
    "id": "verify-autoreceiving-is-working-fine-during-alusta-invoicing",
    "keyword": "Feature",
    "uri": "file:src/test/resources/features/PM_6474_AutoReceiving_Generate_Purchase_Order.feature",
    "tags": []
  }
]