<?xml version="1.0" encoding="UTF-8"?>
<testng-results skipped="0" failed="0" ignored="0" total="2" passed="2">
  <reporter-output>
  </reporter-output>
  <suite name="Suite" duration-ms="386619" started-at="2022-01-27T07:13:44Z" finished-at="2022-01-27T07:20:11Z">
    <groups>
      <group name="cucumber">
        <method signature="AbstractTestNGCucumberTests.runScenario(io.cucumber.testng.PickleWrapper, io.cucumber.testng.FeatureWrapper)[pri:0, instance:runner.RunCuke1@69d9c55]" name="runScenario" class="io.cucumber.testng.AbstractTestNGCucumberTests"/>
      </group> <!-- cucumber -->
    </groups>
    <test name="Test" duration-ms="386619" started-at="2022-01-27T07:13:44Z" finished-at="2022-01-27T07:20:11Z">
      <class name="runner.RunCuke1">
        <test-method status="PASS" signature="setUpClass()[pri:0, instance:runner.RunCuke1@69d9c55]" name="setUpClass" is-config="true" duration-ms="1553" started-at="2022-01-27T07:13:44Z" finished-at="2022-01-27T07:13:46Z">
          <reporter-output>
          </reporter-output>
        </test-method> <!-- setUpClass -->
        <test-method status="PASS" signature="runScenario(io.cucumber.testng.PickleWrapper, io.cucumber.testng.FeatureWrapper)[pri:0, instance:runner.RunCuke1@69d9c55]" name="runScenario" duration-ms="167670" started-at="2022-01-27T07:13:46Z" description="Runs Cucumber Scenarios" data-provider="scenarios" finished-at="2022-01-27T07:16:33Z">
          <params>
            <param index="0">
              <value>
                <![CDATA["View request - View OR details"]]>
              </value>
            </param>
            <param index="1">
              <value>
                <![CDATA["Optional[PM-6668 View request - View OR details]"]]>
              </value>
            </param>
          </params>
          <reporter-output>
          </reporter-output>
        </test-method> <!-- runScenario -->
        <test-method status="PASS" signature="runScenario(io.cucumber.testng.PickleWrapper, io.cucumber.testng.FeatureWrapper)[pri:0, instance:runner.RunCuke1@69d9c55]" name="runScenario" duration-ms="209545" started-at="2022-01-27T07:16:33Z" description="Runs Cucumber Scenarios" data-provider="scenarios" finished-at="2022-01-27T07:20:03Z">
          <params>
            <param index="0">
              <value>
                <![CDATA["Create blanket PO request from a single Off catalog item"]]>
              </value>
            </param>
            <param index="1">
              <value>
                <![CDATA["Optional[Create blanket PO request from a single Off catalog item]"]]>
              </value>
            </param>
          </params>
          <reporter-output>
          </reporter-output>
        </test-method> <!-- runScenario -->
        <test-method status="PASS" signature="tearDownClass()[pri:0, instance:runner.RunCuke1@69d9c55]" name="tearDownClass" is-config="true" duration-ms="7815" started-at="2022-01-27T07:20:03Z" finished-at="2022-01-27T07:20:11Z">
          <reporter-output>
          </reporter-output>
        </test-method> <!-- tearDownClass -->
      </class> <!-- runner.RunCuke1 -->
    </test> <!-- Test -->
  </suite> <!-- Suite -->
</testng-results>
