<?xml version="1.0" encoding="UTF-8"?>
<testsuite name="TestSuite" time="95.437" tests="3" errors="0" skipped="0" failures="3">
  <properties>
[...]
</properties>
  <testcase name="runScenario" classname="runner.RunCuke1" time="95.437">
    <failure message="Unable to find element with locator By.cssSelector: #alusta-navigation&#10;For documentation on this error, please visit: https://selenium.dev/exceptions/#no_such_element&#10;Build info: version: &apos;4.1.0&apos;, revision: &apos;87802e897b&apos;&#10;System info: host: &apos;DL32XF2&apos;, ip: &apos;192.168.18.2&apos;, os.name: &apos;Windows 10&apos;, os.arch: &apos;amd64&apos;, os.version: &apos;10.0&apos;, java.version: &apos;1.8.0_131&apos;&#10;Driver info: driver.version: RemoteWebDriver" type="org.openqa.selenium.NoSuchElementException">org.openqa.selenium.NoSuchElementException: 
Unable to find element with locator By.cssSelector: #alusta-navigation
For documentation on this error, please visit: https://selenium.dev/exceptions/#no_such_element
Build info: version: '4.1.0', revision: '87802e897b'
System info: host: 'DL32XF2', ip: '192.168.18.2', os.name: 'Windows 10', os.arch: 'amd64', os.version: '10.0', java.version: '1.8.0_131'
Driver info: driver.version: RemoteWebDriver
</failure>
    <system-out><![CDATA[I am before method
Yes login button is visible
]]></system-out>
    <system-err><![CDATA[SLF4J: Failed to load class "org.slf4j.impl.StaticLoggerBinder".
SLF4J: Defaulting to no-operation (NOP) logger implementation
SLF4J: See http://www.slf4j.org/codes.html#StaticLoggerBinder for further details.
Starting ChromeDriver 98.0.4758.102 (273bf7ac8c909cde36982d27f66f3c70846a3718-refs/branch-heads/4758@{#1151}) on port 64537
Only local connections are allowed.
Please see https://chromedriver.chromium.org/security-considerations for suggestions on keeping ChromeDriver safe.
ChromeDriver was started successfully.
Feb 17, 2022 1:30:12 PM org.openqa.selenium.remote.ProtocolHandshake createSession
INFO: Detected dialect: W3C
Feb 17, 2022 1:30:13 PM org.openqa.selenium.devtools.CdpVersionFinder findNearestMatch
WARNING: Unable to find an exact match for CDP version 98, so returning the closest version found: 96
Feb 17, 2022 1:30:13 PM org.openqa.selenium.devtools.CdpVersionFinder findNearestMatch
INFO: Found CDP implementation for version 98 of 96
]]></system-err>
  </testcase>
  <testcase name="runScenario" classname="runner.RunCuke1" time="0.053">
    <failure message="no such window: target window already closed&#10;from unknown error: web view not found&#10;  (Session info: chrome=98.0.4758.82)&#10;Build info: version: &apos;4.1.0&apos;, revision: &apos;87802e897b&apos;&#10;System info: host: &apos;DL32XF2&apos;, ip: &apos;192.168.18.2&apos;, os.name: &apos;Windows 10&apos;, os.arch: &apos;amd64&apos;, os.version: &apos;10.0&apos;, java.version: &apos;1.8.0_131&apos;&#10;Driver info: org.openqa.selenium.chrome.ChromeDriver&#10;Command: [5c9b18b03bce516f0f9385bfd6e4b624, get {url=https://pm.baswareqa.com/qapd/cfms/security/login.cfm}]&#10;Capabilities {acceptInsecureCerts: false, browserName: chrome, browserVersion: 98.0.4758.82, chrome: {chromedriverVersion: 98.0.4758.102 (273bf7ac8c90..., userDataDir: C:\Users\HARBAN~2\AppData\L...}, goog:chromeOptions: {debuggerAddress: localhost:4777}, javascriptEnabled: true, networkConnectionEnabled: false, pageLoadStrategy: normal, platform: WINDOWS, platformName: WINDOWS, proxy: Proxy(), se:cdp: ws://localhost:4777/devtool..., se:cdpVersion: 98.0.4758.82, setWindowRect: true, strictFileInteractability: false, timeouts: {implicit: 0, pageLoad: 300000, script: 30000}, unhandledPromptBehavior: dismiss and notify, webauthn:extension:credBlob: true, webauthn:extension:largeBlob: true, webauthn:virtualAuthenticators: true}&#10;Session ID: 5c9b18b03bce516f0f9385bfd6e4b624" type="org.openqa.selenium.NoSuchWindowException">org.openqa.selenium.NoSuchWindowException: 
no such window: target window already closed
from unknown error: web view not found
  (Session info: chrome=98.0.4758.82)
Build info: version: '4.1.0', revision: '87802e897b'
System info: host: 'DL32XF2', ip: '192.168.18.2', os.name: 'Windows 10', os.arch: 'amd64', os.version: '10.0', java.version: '1.8.0_131'
Driver info: org.openqa.selenium.chrome.ChromeDriver
Command: [5c9b18b03bce516f0f9385bfd6e4b624, get {url=https://pm.baswareqa.com/qapd/cfms/security/login.cfm}]
Capabilities {acceptInsecureCerts: false, browserName: chrome, browserVersion: 98.0.4758.82, chrome: {chromedriverVersion: 98.0.4758.102 (273bf7ac8c90..., userDataDir: C:\Users\HARBAN~2\AppData\L...}, goog:chromeOptions: {debuggerAddress: localhost:4777}, javascriptEnabled: true, networkConnectionEnabled: false, pageLoadStrategy: normal, platform: WINDOWS, platformName: WINDOWS, proxy: Proxy(), se:cdp: ws://localhost:4777/devtool..., se:cdpVersion: 98.0.4758.82, setWindowRect: true, strictFileInteractability: false, timeouts: {implicit: 0, pageLoad: 300000, script: 30000}, unhandledPromptBehavior: dismiss and notify, webauthn:extension:credBlob: true, webauthn:extension:largeBlob: true, webauthn:virtualAuthenticators: true}
Session ID: 5c9b18b03bce516f0f9385bfd6e4b624
</failure>
    <system-out><![CDATA[I am before method
]]></system-out>
  </testcase>
  <testcase name="runScenario" classname="runner.RunCuke1" time="0.055">
    <failure message="no such window: target window already closed&#10;from unknown error: web view not found&#10;  (Session info: chrome=98.0.4758.82)&#10;Build info: version: &apos;4.1.0&apos;, revision: &apos;87802e897b&apos;&#10;System info: host: &apos;DL32XF2&apos;, ip: &apos;192.168.18.2&apos;, os.name: &apos;Windows 10&apos;, os.arch: &apos;amd64&apos;, os.version: &apos;10.0&apos;, java.version: &apos;1.8.0_131&apos;&#10;Driver info: org.openqa.selenium.chrome.ChromeDriver&#10;Command: [5c9b18b03bce516f0f9385bfd6e4b624, get {url=https://pm.baswareqa.com/qapd/cfms/security/login.cfm}]&#10;Capabilities {acceptInsecureCerts: false, browserName: chrome, browserVersion: 98.0.4758.82, chrome: {chromedriverVersion: 98.0.4758.102 (273bf7ac8c90..., userDataDir: C:\Users\HARBAN~2\AppData\L...}, goog:chromeOptions: {debuggerAddress: localhost:4777}, javascriptEnabled: true, networkConnectionEnabled: false, pageLoadStrategy: normal, platform: WINDOWS, platformName: WINDOWS, proxy: Proxy(), se:cdp: ws://localhost:4777/devtool..., se:cdpVersion: 98.0.4758.82, setWindowRect: true, strictFileInteractability: false, timeouts: {implicit: 0, pageLoad: 300000, script: 30000}, unhandledPromptBehavior: dismiss and notify, webauthn:extension:credBlob: true, webauthn:extension:largeBlob: true, webauthn:virtualAuthenticators: true}&#10;Session ID: 5c9b18b03bce516f0f9385bfd6e4b624" type="org.openqa.selenium.NoSuchWindowException">org.openqa.selenium.NoSuchWindowException: 
no such window: target window already closed
from unknown error: web view not found
  (Session info: chrome=98.0.4758.82)
Build info: version: '4.1.0', revision: '87802e897b'
System info: host: 'DL32XF2', ip: '192.168.18.2', os.name: 'Windows 10', os.arch: 'amd64', os.version: '10.0', java.version: '1.8.0_131'
Driver info: org.openqa.selenium.chrome.ChromeDriver
Command: [5c9b18b03bce516f0f9385bfd6e4b624, get {url=https://pm.baswareqa.com/qapd/cfms/security/login.cfm}]
Capabilities {acceptInsecureCerts: false, browserName: chrome, browserVersion: 98.0.4758.82, chrome: {chromedriverVersion: 98.0.4758.102 (273bf7ac8c90..., userDataDir: C:\Users\HARBAN~2\AppData\L...}, goog:chromeOptions: {debuggerAddress: localhost:4777}, javascriptEnabled: true, networkConnectionEnabled: false, pageLoadStrategy: normal, platform: WINDOWS, platformName: WINDOWS, proxy: Proxy(), se:cdp: ws://localhost:4777/devtool..., se:cdpVersion: 98.0.4758.82, setWindowRect: true, strictFileInteractability: false, timeouts: {implicit: 0, pageLoad: 300000, script: 30000}, unhandledPromptBehavior: dismiss and notify, webauthn:extension:credBlob: true, webauthn:extension:largeBlob: true, webauthn:virtualAuthenticators: true}
Session ID: 5c9b18b03bce516f0f9385bfd6e4b624
</failure>
    <system-out><![CDATA[I am before method
]]></system-out>
  </testcase>
</testsuite>